# JRE version: OpenJDK Runtime Environment (8.0_242-b01) (build 1.8.0_242-release-1644-b01)
# Java VM: OpenJDK 64-Bit Server VM (25.242-b01 mixed mode windows-amd64 compressed oops)
Heap:
 PSYoungGen      total 370688K, used 92265K [0x00000000d5580000, 0x00000000eea00000, 0x0000000100000000)
  eden space 330240K, 27% used [0x00000000d5580000,0x00000000daf9a710,0x00000000e9800000)
  from space 40448K, 0% used [0x00000000e9800000,0x00000000e9800000,0x00000000ebf80000)
  to   space 41984K, 0% used [0x00000000ec100000,0x00000000ec100000,0x00000000eea00000)
 ParOldGen       total 177152K, used 48855K [0x0000000080000000, 0x000000008ad00000, 0x00000000d5580000)
  object space 177152K, 27% used [0x0000000080000000,0x0000000082fb5de8,0x000000008ad00000)
 Metaspace       used 109229K, capacity 114066K, committed 116760K, reserved 1150976K
  class space    used 14429K, capacity 15363K, committed 15920K, reserved 1048576K
GC Heap History (10 events):
Event: 57.630 GC heap before
{Heap before GC invocations=22 (full 4):
 PSYoungGen      total 325632K, used 29954K [0x00000000d5580000, 0x00000000ec000000, 0x0000000100000000)
  eden space 293376K, 0% used [0x00000000d5580000,0x00000000d5580000,0x00000000e7400000)
  from space 32256K, 92% used [0x00000000e9780000,0x00000000eb4c0b18,0x00000000eb700000)
  to   space 36352K, 0% used [0x00000000e7400000,0x00000000e7400000,0x00000000e9780000)
 ParOldGen       total 97280K, used 90340K [0x0000000080000000, 0x0000000085f00000, 0x00000000d5580000)
  object space 97280K, 92% used [0x0000000080000000,0x00000000858393d0,0x0000000085f00000)
 Metaspace       used 90843K, capacity 96264K, committed 96536K, reserved 1132544K
  class space    used 12498K, capacity 13572K, committed 13616K, reserved 1048576K
Event: 58.043 GC heap after
Heap after GC invocations=22 (full 4):
 PSYoungGen      total 325632K, used 0K [0x00000000d5580000, 0x00000000ec000000, 0x0000000100000000)
  eden space 293376K, 0% used [0x00000000d5580000,0x00000000d5580000,0x00000000e7400000)
  from space 32256K, 0% used [0x00000000e9780000,0x00000000e9780000,0x00000000eb700000)
  to   space 36352K, 0% used [0x00000000e7400000,0x00000000e7400000,0x00000000e9780000)
 ParOldGen       total 177152K, used 84277K [0x0000000080000000, 0x000000008ad00000, 0x00000000d5580000)
  object space 177152K, 47% used [0x0000000080000000,0x000000008524d530,0x000000008ad00000)
 Metaspace       used 89996K, capacity 94208K, committed 96536K, reserved 1132544K
  class space    used 12200K, capacity 13038K, committed 13616K, reserved 1048576K
}
Event: 65.417 GC heap before
{Heap before GC invocations=23 (full 4):
 PSYoungGen      total 325632K, used 293376K [0x00000000d5580000, 0x00000000ec000000, 0x0000000100000000)
  eden space 293376K, 100% used [0x00000000d5580000,0x00000000e7400000,0x00000000e7400000)
  from space 32256K, 0% used [0x00000000e9780000,0x00000000e9780000,0x00000000eb700000)
  to   space 36352K, 0% used [0x00000000e7400000,0x00000000e7400000,0x00000000e9780000)
 ParOldGen       total 177152K, used 84277K [0x0000000080000000, 0x000000008ad00000, 0x00000000d5580000)
  object space 177152K, 47% used [0x0000000080000000,0x000000008524d530,0x000000008ad00000)
 Metaspace       used 91976K, capacity 96376K, committed 98328K, reserved 1134592K
  class space    used 12489K, capacity 13344K, committed 13872K, reserved 1048576K
Event: 65.438 GC heap after
Heap after GC invocations=23 (full 4):
 PSYoungGen      total 329728K, used 2628K [0x00000000d5580000, 0x00000000ee680000, 0x0000000100000000)
  eden space 293376K, 0% used [0x00000000d5580000,0x00000000d5580000,0x00000000e7400000)
  from space 36352K, 7% used [0x00000000e7400000,0x00000000e7691298,0x00000000e9780000)
  to   space 36352K, 0% used [0x00000000ec300000,0x00000000ec300000,0x00000000ee680000)
 ParOldGen       total 177152K, used 84285K [0x0000000080000000, 0x000000008ad00000, 0x00000000d5580000)
  object space 177152K, 47% used [0x0000000080000000,0x000000008524f530,0x000000008ad00000)
 Metaspace       used 91976K, capacity 96376K, committed 98328K, reserved 1134592K
  class space    used 12489K, capacity 13344K, committed 13872K, reserved 1048576K
}
Event: 833.748 GC heap before
{Heap before GC invocations=24 (full 4):
 PSYoungGen      total 329728K, used 296004K [0x00000000d5580000, 0x00000000ee680000, 0x0000000100000000)
  eden space 293376K, 100% used [0x00000000d5580000,0x00000000e7400000,0x00000000e7400000)
  from space 36352K, 7% used [0x00000000e7400000,0x00000000e7691298,0x00000000e9780000)
  to   space 36352K, 0% used [0x00000000ec300000,0x00000000ec300000,0x00000000ee680000)
 ParOldGen       total 177152K, used 84285K [0x0000000080000000, 0x000000008ad00000, 0x00000000d5580000)
  object space 177152K, 47% used [0x0000000080000000,0x000000008524f530,0x000000008ad00000)
 Metaspace       used 105164K, capacity 110624K, committed 111384K, reserved 1144832K
  class space    used 14002K, capacity 15034K, committed 15408K, reserved 1048576K
Event: 833.814 GC heap after
Heap after GC invocations=24 (full 4):
 PSYoungGen      total 366592K, used 29836K [0x00000000d5580000, 0x00000000ee700000, 0x0000000100000000)
  eden space 330240K, 0% used [0x00000000d5580000,0x00000000d5580000,0x00000000e9800000)
  from space 36352K, 82% used [0x00000000ec300000,0x00000000ee0232a8,0x00000000ee680000)
  to   space 40448K, 0% used [0x00000000e9800000,0x00000000e9800000,0x00000000ebf80000)
 ParOldGen       total 177152K, used 84293K [0x0000000080000000, 0x000000008ad00000, 0x00000000d5580000)
  object space 177152K, 47% used [0x0000000080000000,0x0000000085251530,0x000000008ad00000)
 Metaspace       used 105164K, capacity 110624K, committed 111384K, reserved 1144832K
  class space    used 14002K, capacity 15034K, committed 15408K, reserved 1048576K
}
Event: 3658.050 GC heap before
{Heap before GC invocations=25 (full 4):
 PSYoungGen      total 366592K, used 210305K [0x00000000d5580000, 0x00000000ee700000, 0x0000000100000000)
  eden space 330240K, 54% used [0x00000000d5580000,0x00000000e05bd368,0x00000000e9800000)
  from space 36352K, 82% used [0x00000000ec300000,0x00000000ee0232a8,0x00000000ee680000)
  to   space 40448K, 0% used [0x00000000e9800000,0x00000000e9800000,0x00000000ebf80000)
 ParOldGen       total 177152K, used 84293K [0x0000000080000000, 0x000000008ad00000, 0x00000000d5580000)
  object space 177152K, 47% used [0x0000000080000000,0x0000000085251530,0x000000008ad00000)
 Metaspace       used 110504K, capacity 116506K, committed 116760K, reserved 1150976K
  class space    used 14688K, capacity 15848K, committed 15920K, reserved 1048576K
Event: 3658.942 GC heap after
Heap after GC invocations=25 (full 4):
 PSYoungGen      total 370688K, used 26072K [0x00000000d5580000, 0x00000000eea00000, 0x0000000100000000)
  eden space 330240K, 0% used [0x00000000d5580000,0x00000000d5580000,0x00000000e9800000)
  from space 40448K, 64% used [0x00000000e9800000,0x00000000eb176108,0x00000000ebf80000)
  to   space 41984K, 0% used [0x00000000ec100000,0x00000000ec100000,0x00000000eea00000)
 ParOldGen       total 177152K, used 84301K [0x0000000080000000, 0x000000008ad00000, 0x00000000d5580000)
  object space 177152K, 47% used [0x0000000080000000,0x0000000085253530,0x000000008ad00000)
 Metaspace       used 110504K, capacity 116506K, committed 116760K, reserved 1150976K
  class space    used 14688K, capacity 15848K, committed 15920K, reserved 1048576K
}
Event: 3658.942 GC heap before
{Heap before GC invocations=26 (full 5):
 PSYoungGen      total 370688K, used 26072K [0x00000000d5580000, 0x00000000eea00000, 0x0000000100000000)
  eden space 330240K, 0% used [0x00000000d5580000,0x00000000d5580000,0x00000000e9800000)
  from space 40448K, 64% used [0x00000000e9800000,0x00000000eb176108,0x00000000ebf80000)
  to   space 41984K, 0% used [0x00000000ec100000,0x00000000ec100000,0x00000000eea00000)
 ParOldGen       total 177152K, used 84301K [0x0000000080000000, 0x000000008ad00000, 0x00000000d5580000)
  object space 177152K, 47% used [0x0000000080000000,0x0000000085253530,0x000000008ad00000)
 Metaspace       used 110504K, capacity 116506K, committed 116760K, reserved 1150976K
  class space    used 14688K, capacity 15848K, committed 15920K, reserved 1048576K
Event: 3662.778 GC heap after
Heap after GC invocations=26 (full 5):
 PSYoungGen      total 370688K, used 0K [0x00000000d5580000, 0x00000000eea00000, 0x0000000100000000)
  eden space 330240K, 0% used [0x00000000d5580000,0x00000000d5580000,0x00000000e9800000)
  from space 40448K, 0% used [0x00000000e9800000,0x00000000e9800000,0x00000000ebf80000)
  to   space 41984K, 0% used [0x00000000ec100000,0x00000000ec100000,0x00000000eea00000)
 ParOldGen       total 177152K, used 48855K [0x0000000080000000, 0x000000008ad00000, 0x00000000d5580000)
  object space 177152K, 27% used [0x0000000080000000,0x0000000082fb5de8,0x000000008ad00000)
 Metaspace       used 108764K, capacity 113238K, committed 116760K, reserved 1150976K
  class space    used 14358K, capacity 15244K, committed 15920K, reserved 1048576K
}

